  Source.cpp
e:\obrazy\studia\!semestr 5\grafika_komputerowa-master\lab4_zad4\oświetlenie sceny dwa źródła światła\oświetlenie\oświetlenie\source.cpp(40): warning C4244: 'initializing': conversion from 'double' to 'float', possible loss of data
e:\obrazy\studia\!semestr 5\grafika_komputerowa-master\lab4_zad4\oświetlenie sceny dwa źródła światła\oświetlenie\oświetlenie\source.cpp(60): warning C4244: 'initializing': conversion from 'double' to 'float', possible loss of data
e:\obrazy\studia\!semestr 5\grafika_komputerowa-master\lab4_zad4\oświetlenie sceny dwa źródła światła\oświetlenie\oświetlenie\source.cpp(84): warning C4244: 'argument': conversion from 'const int' to 'float', possible loss of data
e:\obrazy\studia\!semestr 5\grafika_komputerowa-master\lab4_zad4\oświetlenie sceny dwa źródła światła\oświetlenie\oświetlenie\source.cpp(85): warning C4244: 'argument': conversion from 'const int' to 'float', possible loss of data
e:\obrazy\studia\!semestr 5\grafika_komputerowa-master\lab4_zad4\oświetlenie sceny dwa źródła światła\oświetlenie\oświetlenie\source.cpp(86): warning C4244: 'argument': conversion from 'const int' to 'float', possible loss of data
e:\obrazy\studia\!semestr 5\grafika_komputerowa-master\lab4_zad4\oświetlenie sceny dwa źródła światła\oświetlenie\oświetlenie\source.cpp(91): warning C4244: 'initializing': conversion from 'double' to 'float', possible loss of data
e:\obrazy\studia\!semestr 5\grafika_komputerowa-master\lab4_zad4\oświetlenie sceny dwa źródła światła\oświetlenie\oświetlenie\source.cpp(93): warning C4244: 'initializing': conversion from 'double' to 'float', possible loss of data
e:\obrazy\studia\!semestr 5\grafika_komputerowa-master\lab4_zad4\oświetlenie sceny dwa źródła światła\oświetlenie\oświetlenie\source.cpp(95): warning C4244: 'initializing': conversion from 'double' to 'float', possible loss of data
e:\obrazy\studia\!semestr 5\grafika_komputerowa-master\lab4_zad4\oświetlenie sceny dwa źródła światła\oświetlenie\oświetlenie\source.cpp(97): warning C4244: 'initializing': conversion from 'double' to 'float', possible loss of data
e:\obrazy\studia\!semestr 5\grafika_komputerowa-master\lab4_zad4\oświetlenie sceny dwa źródła światła\oświetlenie\oświetlenie\source.cpp(206): warning C4244: '+=': conversion from 'double' to 'GLfloat', possible loss of data
e:\obrazy\studia\!semestr 5\grafika_komputerowa-master\lab4_zad4\oświetlenie sceny dwa źródła światła\oświetlenie\oświetlenie\source.cpp(207): warning C4244: '+=': conversion from 'double' to 'GLfloat', possible loss of data
e:\obrazy\studia\!semestr 5\grafika_komputerowa-master\lab4_zad4\oświetlenie sceny dwa źródła światła\oświetlenie\oświetlenie\source.cpp(218): warning C4244: '+=': conversion from 'double' to 'GLfloat', possible loss of data
e:\obrazy\studia\!semestr 5\grafika_komputerowa-master\lab4_zad4\oświetlenie sceny dwa źródła światła\oświetlenie\oświetlenie\source.cpp(219): warning C4244: '+=': conversion from 'double' to 'GLfloat', possible loss of data
e:\obrazy\studia\!semestr 5\grafika_komputerowa-master\lab4_zad4\oświetlenie sceny dwa źródła światła\oświetlenie\oświetlenie\source.cpp(297): warning C4838: conversion from 'double' to 'GLfloat' requires a narrowing conversion
e:\obrazy\studia\!semestr 5\grafika_komputerowa-master\lab4_zad4\oświetlenie sceny dwa źródła światła\oświetlenie\oświetlenie\source.cpp(297): warning C4305: 'initializing': truncation from 'double' to 'GLfloat'
e:\obrazy\studia\!semestr 5\grafika_komputerowa-master\lab4_zad4\oświetlenie sceny dwa źródła światła\oświetlenie\oświetlenie\source.cpp(313): warning C4305: 'initializing': truncation from 'double' to 'GLfloat'
e:\obrazy\studia\!semestr 5\grafika_komputerowa-master\lab4_zad4\oświetlenie sceny dwa źródła światła\oświetlenie\oświetlenie\source.cpp(317): warning C4305: 'initializing': truncation from 'double' to 'GLfloat'
e:\obrazy\studia\!semestr 5\grafika_komputerowa-master\lab4_zad4\oświetlenie sceny dwa źródła światła\oświetlenie\oświetlenie\source.cpp(373): warning C4244: '=': conversion from 'double' to 'GLfloat', possible loss of data
  Oświetlenie.vcxproj -> E:\Obrazy\Studia\!Semestr 5\Grafika_Komputerowa-master\Lab4_Zad4\Oświetlenie sceny dwa źródła światła\Oświetlenie\Debug\Oświetlenie.exe
